[INFO] logger started at Sat Sep 01 08:13:49 MDT 2012
[INFO] executable name: /Volumes/idv/Integrated Data Viewer Installer.app
[INFO] install4j version: 5.1.2 (build 5492)
[INFO] Properties: 
-- listing properties --
java.runtime.name=Java(TM) SE Runtime Environment
exe4j.moduleName=/Volumes/idv/Integrated Data Viewer I...
sun.boot.library.path=/System/Library/Java/JavaVirtualMachi...
java.vm.version=20.8-b03-424
awt.nativeDoubleBuffering=true
gopherProxySet=false
mrj.build=11M3720
java.vm.vendor=Apple Inc.
java.vendor.url=http://www.apple.com/
path.separator=:
java.vm.name=Java HotSpot(TM) 64-Bit Server VM
file.encoding.pkg=sun.io
user.country=US
sun.os.patch.level=unknown
install4j.exeDir=/Volumes/idv/
java.vm.specification.name=Java Virtual Machine Specification
user.dir=/Volumes/idv/Integrated Data Viewer I...
java.runtime.version=1.6.0_33-b03-424-11M3720
java.awt.graphicsenv=apple.awt.CGraphicsEnvironment
java.endorsed.dirs=/System/Library/Java/JavaVirtualMachi...
os.arch=x86_64
java.io.tmpdir=/var/folders/vc/42qb2_11609c2gt78kx_c...
apple.awt.graphics.UseOpenGL=false
line.separator=

java.vm.specification.vendor=Sun Microsystems Inc.
os.name=Mac OS X
sun.java2d.noddraw=true
sun.jnu.encoding=MacRoman
java.library.path=/Volumes/idv/Integrated Data Viewer I...
java.specification.name=Java Platform API Specification
java.class.version=50.0
sun.management.compiler=HotSpot 64-Bit Tiered Compilers
os.version=10.8.1
http.nonProxyHosts=local|*.local|169.254/16|*.169.254/16
user.home=/Users/lesserwhirls
user.timezone=America/Denver
java.awt.printerjob=apple.awt.CPrinterJob
java.specification.version=1.6
file.encoding=MacRoman
user.name=lesserwhirls
java.class.path=/Volumes/idv/Integrated Data Viewer I...
apple.awt.graphics.UseQuartz=false
java.vm.specification.version=1.0
sun.arch.data.model=64
java.home=/System/Library/Java/JavaVirtualMachi...
java.specification.vendor=Sun Microsystems Inc.
user.language=en
awt.toolkit=apple.awt.CToolkit
java.vm.info=mixed mode
java.version=1.6.0_33
java.ext.dirs=/Library/Java/Extensions:/System/Libr...
sun.boot.class.path=/System/Library/Java/JavaVirtualMachi...
java.vendor=Apple Inc.
install4j.appDir=/Volumes/idv/Integrated Data Viewer I...
file.separator=/
java.vendor.url.bug=http://bugreport.apple.com/
sun.cpu.endian=little
sun.io.unicode.encoding=UnicodeLittle
mrj.version=1070.1.6.0_33-424
socksNonProxyHosts=local|*.local|169.254/16|*.169.254/16
ftp.nonProxyHosts=local|*.local|169.254/16|*.169.254/16
sun.cpu.isalist=
sun.awt.exception.handler=apple.awt.CToolkit$EventQueueExceptio...
[INFO] com.install4j.runtime.installer.platform.macos.VolumeInfo: image: /Users/lesserwhirls/Downloads/webplayer-mini.dmg, mountPoint: /Volumes/webplayer-mini
       image: /Users/lesserwhirls/Downloads/idv_3_1_macos_installer.dmg, mountPoint: /Volumes/idv
[INFO] com.install4j.runtime.beans.actions.misc.RequestPrivilegesAction [ID 627]: Execute action
       Property obtainIfAdminWin: true
       Property obtainIfNormalWin: false
       Property failIfNotObtainedWin: true
       Property obtainIfAdminMac: false
       Property obtainIfNormalMac: false
       Property failIfNotObtainedMac: true
       Property failIfNotRootUnix: false
       Property allRequested: false
       Property rollbackSupported: false
       Execute action successful after 27 ms
[INFO] com.install4j.runtime.beans.screens.StartupScreen [ID 75]: command: move 1 screens, executing actions, checking condition
[INFO] com.install4j.runtime.beans.screens.WelcomeScreen [ID 76]: Show screen
       thread name AWT-EventQueue-0
[INFO] com.install4j.runtime.beans.screens.WelcomeScreen [ID 76]: command: move 1 screens, executing actions, checking condition
[INFO] com.install4j.runtime.beans.screens.LicenseScreen [ID 77]: Show screen
[INFO] com.install4j.runtime.beans.screens.LicenseScreen [ID 77]: command: move 1 screens, executing actions, checking condition
[INFO] com.install4j.runtime.beans.screens.InstallationDirectoryScreen [ID 78]: Show screen
       checking writable with maximum
[INFO] com.install4j.runtime.beans.screens.InstallationDirectoryScreen [ID 78]: command: move 1 screens, executing actions, checking condition
       Variable changed: sys.programGroupDisabled=true[class java.lang.Boolean]
[INFO] com.install4j.runtime.beans.screens.FormScreen [ID 288]: Show screen
       Variable changed: installJOGLAction=true[class java.lang.Boolean]
       Variable changed: glForUser=0[class java.lang.Integer]
[INFO] com.install4j.runtime.beans.screens.FormScreen [ID 288]: command: move 1 screens, executing actions, checking condition
[INFO] com.install4j.runtime.beans.screens.InstallationScreen [ID 80]: Show screen
[INFO] com.install4j.runtime.beans.actions.InstallFilesAction [ID 81]: Execute action
       Property checkFreeSpace: true
       Property validateApplicationId: false
       Property sizeCalculatorScript: null
       Property saveDownloadedFiles: false
       Property installRuntime: true
       Property updateBundledJre: true
       Property triggerReboot: true
       Property delay: false
       Property fileFilterScript: null
       Property directoryResolverScript: null
       Property showFileNames: true
       Property rollbackSupported: true
       Component IDV Components[67]; Selected: true
       Component IDV launchers (e.g runIDV, runIDV.bat)[66]; Selected: true
       Component OS X JOGL[295]; Selected: true
       Install file: /Applications/IDV_3.1/NOTICE; size: 1322 bytes; exists: false
       File options set to: [fileTime: Fri Aug 31 14:41:38 MDT 2012, mode: 644, overwriteMode: Always ask except for update, shared: false, uninstallMode: If created, delayIfNecessary: false]
       Install file: /Applications/IDV_3.1/auxdata.jar; size: 18256818 bytes; exists: false
       Install file: /Applications/IDV_3.1/external.jar; size: 27644189 bytes; exists: false
       Install file: /Applications/IDV_3.1/idv.gif; size: 6795 bytes; exists: false
       Install file: /Applications/IDV_3.1/idv.jar; size: 6761236 bytes; exists: false
       Install file: /Applications/IDV_3.1/jython.jar; size: 8297793 bytes; exists: false
       Install file: /Applications/IDV_3.1/licenses/LICENSE; size: 26430 bytes; exists: false
       Install file: /Applications/IDV_3.1/licenses/LICENSE.apache; size: 11766 bytes; exists: false
       Install file: /Applications/IDV_3.1/licenses/LICENSE.jdom; size: 2563 bytes; exists: false
       Install file: /Applications/IDV_3.1/licenses/LICENSE.jpeg2000; size: 1875 bytes; exists: false
       Install file: /Applications/IDV_3.1/licenses/LICENSE.jython; size: 7042 bytes; exists: false
       Install file: /Applications/IDV_3.1/licenses/LICENSE.visad; size: 26430 bytes; exists: false
       Install file: /Applications/IDV_3.1/local-visad.jar; size: 597 bytes; exists: false
       Install file: /Applications/IDV_3.1/ncIdv.jar; size: 7420382 bytes; exists: false
       Install file: /Applications/IDV_3.1/simpleidv.jar; size: 493 bytes; exists: false
       Install file: /Applications/IDV_3.1/visad.jar; size: 5160899 bytes; exists: false
       Install file: /Applications/IDV_3.1/IDV.app/Contents/Info.plist; size: 544 bytes; exists: false
       File options set to: [fileTime: Fri Aug 31 14:41:38 MDT 2012, mode: 644, overwriteMode: If newer, shared: false, uninstallMode: If created, delayIfNecessary: false]
       Install file: /Applications/IDV_3.1/IDV.app/Contents/MacOS/run_script; size: 51 bytes; exists: false
       Install file: /Applications/IDV_3.1/IDV.app/Contents/Resources/idv.icns; size: 61736 bytes; exists: false
       Install file: /Applications/IDV_3.1/macos-java3d_jogl.zip; size: 6719086 bytes; exists: false
       Install file: /Applications/IDV_3.1/runIDV; size: 2983 bytes; exists: false
       File options set to: [fileTime: Fri Aug 31 14:41:38 MDT 2012, mode: 755, overwriteMode: Always ask, shared: false, uninstallMode: If created, delayIfNecessary: false]
       Install file: /Applications/IDV_3.1/runIDV.ico; size: 2238 bytes; exists: false
       File options set to: [fileTime: Fri Aug 31 14:41:38 MDT 2012, mode: 644, overwriteMode: Always ask except for update, shared: false, uninstallMode: If created, delayIfNecessary: false]
       Install file: /Applications/IDV_3.1/simpleIDV; size: 540 bytes; exists: false
       File options set to: [fileTime: Fri Aug 31 14:41:38 MDT 2012, mode: 755, overwriteMode: Always ask, shared: false, uninstallMode: If created, delayIfNecessary: false]
       Install file: /Applications/IDV_3.1/Integrated Data Viewer Uninstaller.app/Contents/Info.plist; size: 1607 bytes; exists: false
       File options set to: [fileTime: Fri Aug 31 14:42:36 MDT 2012, mode: 644, overwriteMode: Always ask except for update, shared: false, uninstallMode: If created, delayIfNecessary: false]
       Install file: /Applications/IDV_3.1/Integrated Data Viewer Uninstaller.app/Contents/MacOS/JavaApplicationStub; size: 96048 bytes; exists: false
       File options set to: [fileTime: Fri Aug 31 14:42:36 MDT 2012, mode: 755, overwriteMode: If newer otherwise ask, shared: false, uninstallMode: If created, delayIfNecessary: false]
       Install file: /Applications/IDV_3.1/Integrated Data Viewer Uninstaller.app/Contents/PkgInfo; size: 8 bytes; exists: false
       File options set to: [fileTime: Fri Aug 31 14:42:36 MDT 2012, mode: 644, overwriteMode: Always ask except for update, shared: false, uninstallMode: If created, delayIfNecessary: false]
       Install file: /Applications/IDV_3.1/Integrated Data Viewer Uninstaller.app/Contents/Resources/app.icns; size: 55833 bytes; exists: false
       Install file: /Applications/IDV_3.1/Integrated Data Viewer Uninstaller.app/Contents/Resources/i4jlauncher.config; size: 2290 bytes; exists: false
       Install file: /Applications/IDV_3.1/.install4j/inst_jre.cfg; size: 65 bytes; exists: false
       File options set to: [fileTime: Sat Sep 01 08:13:59 MDT 2012, mode: 644, overwriteMode: Always, shared: false, uninstallMode: If created, delayIfNecessary: false]
       Install file: /Applications/IDV_3.1/.install4j/i4jruntime.jar; size: 969983 bytes; exists: false
       File options set to: [fileTime: Sat Sep 01 08:13:59 MDT 2012, mode: 644, overwriteMode: Always, shared: false, uninstallMode: Always, delayIfNecessary: false]
       Install file: /Applications/IDV_3.1/.install4j/MessagesDefault; size: 32737 bytes; exists: false
       Install file: /Applications/IDV_3.1/.install4j/i4jparams.conf; size: 36526 bytes; exists: false
       Install file: /Applications/IDV_3.1/.install4j/stats.properties; size: 720 bytes; exists: false
       Install file: /Applications/IDV_3.1/.install4j/user.jar; size: 7328 bytes; exists: false
       Install file: /Applications/IDV_3.1/.install4j/install4j; size: 30528 bytes; exists: false
       File options set to: [fileTime: Sat Sep 01 08:13:59 MDT 2012, mode: 755, overwriteMode: Always, shared: false, uninstallMode: Always, delayIfNecessary: false]
       Install file: /Applications/IDV_3.1/.install4j/i4j_extf_0_1t6da8r.utf8; size: 32737 bytes; exists: false
       File options set to: [fileTime: Sat Sep 01 08:13:59 MDT 2012, mode: 644, overwriteMode: Always, shared: false, uninstallMode: Always, delayIfNecessary: false]
       Install file: /Applications/IDV_3.1/.install4j/i4j_extf_1_1t6da8r_87qvs.png; size: 961 bytes; exists: false
       Install file: /Applications/IDV_3.1/.install4j/i4j_extf_2_1t6da8r_1znfkd.png; size: 1940 bytes; exists: false
       Install file: /Applications/IDV_3.1/.install4j/i4j_extf_3_1t6da8r.gif; size: 6795 bytes; exists: false
       Install file: /Applications/IDV_3.1/.install4j/i4j_extf_4_1t6da8r.txt; size: 2167 bytes; exists: false
       Install file: /Applications/IDV_3.1/.install4j/i4j_extf_5_1t6da8r_1p8nwo0.ico; size: 2238 bytes; exists: false
       Execute action successful after 2699 ms
[INFO] com.install4j.runtime.beans.actions.desktop.RegisterAddRemoveAction [ID 83]: Execute action
       Property icon: i4j_extf_5_1t6da8r_1p8nwo0.ico
       Property itemName: Integrated Data Viewer 3.1
       Property persistentProperties: {}
       Property rollbackSupported: true
       Execute action successful after 1 ms
[INFO] com.install4j.runtime.beans.actions.files.InstallExternalZipFileAction [ID 290]: Execute action
       Property shared: false
       Property overwriteMode: Always
       Property uninstallMode: If created
       Property triggerReboot: true
       Property delay: false
       Property mode: 644
       Property showProgress: true
       Property zipFile: macos-java3d_jogl.zip
       Property destinationDirectory: /Users/lesserwhirls/Library/Java/Extensions
       Property dirMode: 755
       Property fileFilter: null
       Property rollbackSupported: true
       Install file: /Users/lesserwhirls/Library/Java/Extensions/gluegen-rt.jar; size: 3382598 bytes; exists: false
       File options set to: [fileTime: Wed Jul 23 09:53:32 MDT 2008, mode: 644, overwriteMode: Always, shared: false, uninstallMode: If created, delayIfNecessary: false]
       Install file: /Users/lesserwhirls/Library/Java/Extensions/j3dcore.jar; size: 2957997 bytes; exists: false
       File options set to: [fileTime: Sat Jun 28 09:57:26 MDT 2008, mode: 644, overwriteMode: Always, shared: false, uninstallMode: If created, delayIfNecessary: false]
       Install file: /Users/lesserwhirls/Library/Java/Extensions/j3dutils.jar; size: 1704635 bytes; exists: false
       Install file: /Users/lesserwhirls/Library/Java/Extensions/jogl.jar; size: 1126370 bytes; exists: false
       File options set to: [fileTime: Thu May 22 03:00:24 MDT 2008, mode: 644, overwriteMode: Always, shared: false, uninstallMode: If created, delayIfNecessary: false]
       Install file: /Users/lesserwhirls/Library/Java/Extensions/libgluegen-rt.jnilib; size: 49800 bytes; exists: false
       Install file: /Users/lesserwhirls/Library/Java/Extensions/libjogl_awt.jnilib; size: 50312 bytes; exists: false
       Install file: /Users/lesserwhirls/Library/Java/Extensions/libjogl_cg.jnilib; size: 470352 bytes; exists: false
       Install file: /Users/lesserwhirls/Library/Java/Extensions/libjogl.jnilib; size: 2838744 bytes; exists: false
       Install file: /Users/lesserwhirls/Library/Java/Extensions/vecmath.jar; size: 318956 bytes; exists: false
       File options set to: [fileTime: Sat Jun 28 09:57:26 MDT 2008, mode: 644, overwriteMode: Always, shared: false, uninstallMode: If created, delayIfNecessary: false]
       Execute action successful after 405 ms
[INFO] com.install4j.runtime.beans.actions.text.ReplaceInstallerVariablesAction [ID 586]: Execute action
       Property ignoreMissing: true
       Property encoding: 
       Property escapeForPropertyFile: false
       Property failIfNoReplacement: true
       Property files: [IDV.app/Contents/MacOS/run_script]
       Property rollbackSupported: true
       Backing up /Applications/IDV_3.1/IDV.app/Contents/MacOS/run_script
       Execute action successful after 3 ms
[INFO] com.install4j.runtime.beans.actions.files.SetModeAction [ID 626]: Execute action
       Property mode: 777
       Property recursive: false
       Property showFileNames: true
       Property showProgress: false
       Property files: [IDV.app/Contents/MacOS/run_script]
       Property fileFilter: null
       Property directoryFilter: null
       Property rollbackSupported: true
       Setting mode for /Applications/IDV_3.1/IDV.app/Contents/MacOS/run_script
       Execute action successful after 33 ms
[INFO] com.install4j.runtime.beans.screens.InstallationScreen [ID 80]: Rollback barrier reached
       command: move 1 screens, executing actions, checking condition
[INFO] com.install4j.runtime.beans.screens.FinishedScreen [ID 84]: Show screen
[INFO] com.install4j.runtime.beans.screens.FinishedScreen [ID 84]: command: finish
       cleaning up
       Finished
